<?xml version="1.0" encoding="UTF-8"?>
<!-- Generated by org.testng.reporters.JUnitXMLReporter -->
<testsuite ignored="4" hostname="ANKIT" failures="0" tests="2" name="Default test" time="12.505" errors="0" timestamp="2022-09-10T01:32:41 IST">
  <testcase classname="WebserviceTesting.WebserviceValidation" name="Test1_PvrTokenGeneration" time="4.021"/>
  <testcase classname="WebserviceTesting.WebserviceValidation" name="Test4" time="8.407"/>
  <testcase classname="WebserviceTesting.WebserviceValidation" name="Test6" time="0.0">
    <ignored/>
  </testcase> <!-- Test6 -->
  <testcase classname="WebserviceTesting.WebserviceValidation" name="Test5" time="0.0">
    <ignored/>
  </testcase> <!-- Test5 -->
  <testcase classname="WebserviceTesting.WebserviceValidation" name="Test3" time="0.0">
    <ignored/>
  </testcase> <!-- Test3 -->
  <testcase classname="WebserviceTesting.WebserviceValidation" name="Test2" time="0.0">
    <ignored/>
  </testcase> <!-- Test2 -->
</testsuite> <!-- Default test -->
