<?xml version="1.0" encoding="UTF-8"?>
<testng-results ignored="4" total="6" passed="2" failed="0" skipped="0">
  <reporter-output>
  </reporter-output>
  <suite started-at="2022-09-10T01:32:28 IST" name="Default suite" finished-at="2022-09-10T01:32:41 IST" duration-ms="12505">
    <groups>
    </groups>
    <test started-at="2022-09-10T01:32:28 IST" name="Default test" finished-at="2022-09-10T01:32:41 IST" duration-ms="12505">
      <class name="WebserviceTesting.WebserviceValidation">
        <test-method signature="Test1_PvrTokenGeneration(org.testng.ITestContext)[pri:0, instance:WebserviceTesting.WebserviceValidation@3d74bf60]" started-at="2022-09-10T01:32:28 IST" name="Test1_PvrTokenGeneration" finished-at="2022-09-10T01:32:32 IST" duration-ms="4021" status="PASS">
          <params>
            <param index="0">
              <value>
                <![CDATA[org.testng.TestRunner@198b6731]]>
              </value>
            </param>
          </params>
          <reporter-output>
          </reporter-output>
        </test-method> <!-- Test1_PvrTokenGeneration -->
        <test-method signature="Test4(org.testng.ITestContext)[pri:0, instance:WebserviceTesting.WebserviceValidation@3d74bf60]" started-at="2022-09-10T01:32:32 IST" name="Test4" finished-at="2022-09-10T01:32:41 IST" duration-ms="8407" status="PASS">
          <params>
            <param index="0">
              <value>
                <![CDATA[org.testng.TestRunner@198b6731]]>
              </value>
            </param>
          </params>
          <reporter-output>
          </reporter-output>
        </test-method> <!-- Test4 -->
      </class> <!-- WebserviceTesting.WebserviceValidation -->
    </test> <!-- Default test -->
  </suite> <!-- Default suite -->
</testng-results>
